[2015-07-25 10:48:48,190: INFO/MainProcess] beat: Starting...
Stale pidfile exists. Removing it.
[2015-07-25 10:50:02,954: INFO/MainProcess] beat: Starting...
[2015-07-25 10:53:48,734: INFO/MainProcess] Scheduler: Sending due task scheduler (frappe.tasks.enqueue_scheduler_events)
Stale pidfile exists. Removing it.
[2015-07-25 10:53:53,594: INFO/MainProcess] beat: Starting...
[2015-07-25 10:58:48,821: INFO/MainProcess] Scheduler: Sending due task scheduler (frappe.tasks.enqueue_scheduler_events)
[2015-07-25 11:03:48,898: INFO/MainProcess] Scheduler: Sending due task scheduler (frappe.tasks.enqueue_scheduler_events)
[2015-07-25 11:08:48,959: INFO/MainProcess] Scheduler: Sending due task scheduler (frappe.tasks.enqueue_scheduler_events)
[2015-07-25 11:13:49,055: INFO/MainProcess] Scheduler: Sending due task scheduler (frappe.tasks.enqueue_scheduler_events)
[2015-07-25 11:18:49,161: INFO/MainProcess] Scheduler: Sending due task scheduler (frappe.tasks.enqueue_scheduler_events)
[2015-07-25 11:23:49,246: INFO/MainProcess] Scheduler: Sending due task scheduler (frappe.tasks.enqueue_scheduler_events)
[2015-07-25 11:28:49,336: INFO/MainProcess] Scheduler: Sending due task scheduler (frappe.tasks.enqueue_scheduler_events)
[2015-07-25 11:33:49,491: INFO/MainProcess] Scheduler: Sending due task scheduler (frappe.tasks.enqueue_scheduler_events)
[2015-07-25 11:38:49,599: INFO/MainProcess] Scheduler: Sending due task scheduler (frappe.tasks.enqueue_scheduler_events)
[2015-07-25 11:43:49,667: INFO/MainProcess] Scheduler: Sending due task scheduler (frappe.tasks.enqueue_scheduler_events)
[2015-07-25 11:48:49,761: INFO/MainProcess] Scheduler: Sending due task scheduler (frappe.tasks.enqueue_scheduler_events)
[2015-07-25 11:53:49,819: INFO/MainProcess] Scheduler: Sending due task scheduler (frappe.tasks.enqueue_scheduler_events)
[2015-07-25 11:58:49,903: INFO/MainProcess] Scheduler: Sending due task scheduler (frappe.tasks.enqueue_scheduler_events)
[2015-07-25 12:03:49,972: INFO/MainProcess] Scheduler: Sending due task scheduler (frappe.tasks.enqueue_scheduler_events)
[2015-07-25 12:08:50,064: INFO/MainProcess] Scheduler: Sending due task scheduler (frappe.tasks.enqueue_scheduler_events)
[2015-07-25 12:13:50,089: INFO/MainProcess] Scheduler: Sending due task scheduler (frappe.tasks.enqueue_scheduler_events)
[2015-07-25 12:18:50,179: INFO/MainProcess] Scheduler: Sending due task scheduler (frappe.tasks.enqueue_scheduler_events)
[2015-07-25 12:23:50,196: INFO/MainProcess] Scheduler: Sending due task scheduler (frappe.tasks.enqueue_scheduler_events)
[2015-07-25 12:28:50,307: INFO/MainProcess] Scheduler: Sending due task scheduler (frappe.tasks.enqueue_scheduler_events)
[2015-07-25 12:33:50,388: INFO/MainProcess] Scheduler: Sending due task scheduler (frappe.tasks.enqueue_scheduler_events)
[2015-07-25 12:38:50,483: INFO/MainProcess] Scheduler: Sending due task scheduler (frappe.tasks.enqueue_scheduler_events)
[2015-07-25 12:43:50,545: INFO/MainProcess] Scheduler: Sending due task scheduler (frappe.tasks.enqueue_scheduler_events)
[2015-07-25 12:48:50,733: INFO/MainProcess] Scheduler: Sending due task scheduler (frappe.tasks.enqueue_scheduler_events)
[2015-07-25 12:53:50,818: INFO/MainProcess] Scheduler: Sending due task scheduler (frappe.tasks.enqueue_scheduler_events)
[2015-07-25 12:58:50,887: INFO/MainProcess] Scheduler: Sending due task scheduler (frappe.tasks.enqueue_scheduler_events)
[2015-07-25 13:03:50,913: INFO/MainProcess] Scheduler: Sending due task scheduler (frappe.tasks.enqueue_scheduler_events)
[2015-07-25 13:08:51,016: INFO/MainProcess] Scheduler: Sending due task scheduler (frappe.tasks.enqueue_scheduler_events)
[2015-07-25 13:13:51,113: INFO/MainProcess] Scheduler: Sending due task scheduler (frappe.tasks.enqueue_scheduler_events)
[2015-07-25 13:18:51,200: INFO/MainProcess] Scheduler: Sending due task scheduler (frappe.tasks.enqueue_scheduler_events)
[2015-07-25 13:23:51,298: INFO/MainProcess] Scheduler: Sending due task scheduler (frappe.tasks.enqueue_scheduler_events)
[2015-07-25 13:28:51,417: INFO/MainProcess] Scheduler: Sending due task scheduler (frappe.tasks.enqueue_scheduler_events)
[2015-07-25 13:33:51,510: INFO/MainProcess] Scheduler: Sending due task scheduler (frappe.tasks.enqueue_scheduler_events)
[2015-07-25 13:38:51,604: INFO/MainProcess] Scheduler: Sending due task scheduler (frappe.tasks.enqueue_scheduler_events)
[2015-07-25 13:43:51,695: INFO/MainProcess] Scheduler: Sending due task scheduler (frappe.tasks.enqueue_scheduler_events)
[2015-07-25 13:48:51,753: INFO/MainProcess] Scheduler: Sending due task scheduler (frappe.tasks.enqueue_scheduler_events)
[2015-07-25 13:53:51,830: INFO/MainProcess] Scheduler: Sending due task scheduler (frappe.tasks.enqueue_scheduler_events)
[2015-07-25 13:58:51,937: INFO/MainProcess] Scheduler: Sending due task scheduler (frappe.tasks.enqueue_scheduler_events)
[2015-07-25 14:03:52,074: INFO/MainProcess] Scheduler: Sending due task scheduler (frappe.tasks.enqueue_scheduler_events)
[2015-07-25 14:08:52,177: INFO/MainProcess] Scheduler: Sending due task scheduler (frappe.tasks.enqueue_scheduler_events)
[2015-07-25 14:13:52,277: INFO/MainProcess] Scheduler: Sending due task scheduler (frappe.tasks.enqueue_scheduler_events)
[2015-07-25 14:18:52,377: INFO/MainProcess] Scheduler: Sending due task scheduler (frappe.tasks.enqueue_scheduler_events)
[2015-07-25 14:23:52,474: INFO/MainProcess] Scheduler: Sending due task scheduler (frappe.tasks.enqueue_scheduler_events)
[2015-07-25 14:28:52,568: INFO/MainProcess] Scheduler: Sending due task scheduler (frappe.tasks.enqueue_scheduler_events)
[2015-07-25 14:33:52,674: INFO/MainProcess] Scheduler: Sending due task scheduler (frappe.tasks.enqueue_scheduler_events)
[2015-07-25 14:38:52,783: INFO/MainProcess] Scheduler: Sending due task scheduler (frappe.tasks.enqueue_scheduler_events)
[2015-07-25 14:43:52,887: INFO/MainProcess] Scheduler: Sending due task scheduler (frappe.tasks.enqueue_scheduler_events)
[2015-07-25 14:48:52,989: INFO/MainProcess] Scheduler: Sending due task scheduler (frappe.tasks.enqueue_scheduler_events)
[2015-07-25 14:53:53,093: INFO/MainProcess] Scheduler: Sending due task scheduler (frappe.tasks.enqueue_scheduler_events)
[2015-07-25 14:58:53,220: INFO/MainProcess] Scheduler: Sending due task scheduler (frappe.tasks.enqueue_scheduler_events)
[2015-07-25 15:03:53,324: INFO/MainProcess] Scheduler: Sending due task scheduler (frappe.tasks.enqueue_scheduler_events)
[2015-07-25 15:08:53,433: INFO/MainProcess] Scheduler: Sending due task scheduler (frappe.tasks.enqueue_scheduler_events)
[2015-07-25 15:13:53,537: INFO/MainProcess] Scheduler: Sending due task scheduler (frappe.tasks.enqueue_scheduler_events)
[2015-07-25 15:18:53,644: INFO/MainProcess] Scheduler: Sending due task scheduler (frappe.tasks.enqueue_scheduler_events)
[2015-07-25 15:23:53,740: INFO/MainProcess] Scheduler: Sending due task scheduler (frappe.tasks.enqueue_scheduler_events)
[2015-07-25 15:28:53,840: INFO/MainProcess] Scheduler: Sending due task scheduler (frappe.tasks.enqueue_scheduler_events)
[2015-07-25 15:33:53,927: INFO/MainProcess] Scheduler: Sending due task scheduler (frappe.tasks.enqueue_scheduler_events)
[2015-07-25 15:38:54,070: INFO/MainProcess] Scheduler: Sending due task scheduler (frappe.tasks.enqueue_scheduler_events)
[2015-07-25 15:43:54,127: INFO/MainProcess] Scheduler: Sending due task scheduler (frappe.tasks.enqueue_scheduler_events)
[2015-07-25 15:48:54,197: INFO/MainProcess] Scheduler: Sending due task scheduler (frappe.tasks.enqueue_scheduler_events)
[2015-07-25 15:53:54,300: INFO/MainProcess] Scheduler: Sending due task scheduler (frappe.tasks.enqueue_scheduler_events)
[2015-07-25 15:58:54,383: INFO/MainProcess] Scheduler: Sending due task scheduler (frappe.tasks.enqueue_scheduler_events)
[2015-07-25 16:03:54,470: INFO/MainProcess] Scheduler: Sending due task scheduler (frappe.tasks.enqueue_scheduler_events)
[2015-07-25 16:08:54,570: INFO/MainProcess] Scheduler: Sending due task scheduler (frappe.tasks.enqueue_scheduler_events)
[2015-07-25 16:13:54,669: INFO/MainProcess] Scheduler: Sending due task scheduler (frappe.tasks.enqueue_scheduler_events)
[2015-07-25 16:18:54,770: INFO/MainProcess] Scheduler: Sending due task scheduler (frappe.tasks.enqueue_scheduler_events)
[2015-07-25 16:23:54,870: INFO/MainProcess] Scheduler: Sending due task scheduler (frappe.tasks.enqueue_scheduler_events)
[2015-07-25 16:28:54,975: INFO/MainProcess] Scheduler: Sending due task scheduler (frappe.tasks.enqueue_scheduler_events)
[2015-07-25 16:33:55,084: INFO/MainProcess] Scheduler: Sending due task scheduler (frappe.tasks.enqueue_scheduler_events)
[2015-07-25 16:38:55,190: INFO/MainProcess] Scheduler: Sending due task scheduler (frappe.tasks.enqueue_scheduler_events)
[2015-07-25 16:43:55,293: INFO/MainProcess] Scheduler: Sending due task scheduler (frappe.tasks.enqueue_scheduler_events)
[2015-07-25 16:48:55,390: INFO/MainProcess] Scheduler: Sending due task scheduler (frappe.tasks.enqueue_scheduler_events)
[2015-07-25 16:53:55,490: INFO/MainProcess] Scheduler: Sending due task scheduler (frappe.tasks.enqueue_scheduler_events)
[2015-07-25 16:58:55,594: INFO/MainProcess] Scheduler: Sending due task scheduler (frappe.tasks.enqueue_scheduler_events)
[2015-07-25 17:03:55,648: INFO/MainProcess] Scheduler: Sending due task scheduler (frappe.tasks.enqueue_scheduler_events)
[2015-07-25 17:08:55,730: INFO/MainProcess] Scheduler: Sending due task scheduler (frappe.tasks.enqueue_scheduler_events)
[2015-07-25 17:13:55,829: INFO/MainProcess] Scheduler: Sending due task scheduler (frappe.tasks.enqueue_scheduler_events)
[2015-07-25 17:18:55,931: INFO/MainProcess] Scheduler: Sending due task scheduler (frappe.tasks.enqueue_scheduler_events)
[2015-07-25 17:23:56,030: INFO/MainProcess] Scheduler: Sending due task scheduler (frappe.tasks.enqueue_scheduler_events)
[2015-07-25 17:28:56,106: INFO/MainProcess] Scheduler: Sending due task scheduler (frappe.tasks.enqueue_scheduler_events)
[2015-07-25 17:33:56,199: INFO/MainProcess] Scheduler: Sending due task scheduler (frappe.tasks.enqueue_scheduler_events)
[2015-07-25 17:38:56,297: INFO/MainProcess] Scheduler: Sending due task scheduler (frappe.tasks.enqueue_scheduler_events)
[2015-07-25 17:43:56,402: INFO/MainProcess] Scheduler: Sending due task scheduler (frappe.tasks.enqueue_scheduler_events)
[2015-07-25 17:48:56,510: INFO/MainProcess] Scheduler: Sending due task scheduler (frappe.tasks.enqueue_scheduler_events)
[2015-07-25 17:53:56,618: INFO/MainProcess] Scheduler: Sending due task scheduler (frappe.tasks.enqueue_scheduler_events)
[2015-07-25 17:58:56,680: INFO/MainProcess] Scheduler: Sending due task scheduler (frappe.tasks.enqueue_scheduler_events)
[2015-07-25 18:03:56,731: INFO/MainProcess] Scheduler: Sending due task scheduler (frappe.tasks.enqueue_scheduler_events)
[2015-07-25 18:08:56,781: INFO/MainProcess] Scheduler: Sending due task scheduler (frappe.tasks.enqueue_scheduler_events)
[2015-07-25 18:13:56,910: INFO/MainProcess] Scheduler: Sending due task scheduler (frappe.tasks.enqueue_scheduler_events)
[2015-07-25 18:18:57,010: INFO/MainProcess] Scheduler: Sending due task scheduler (frappe.tasks.enqueue_scheduler_events)
[2015-07-25 18:23:57,107: INFO/MainProcess] Scheduler: Sending due task scheduler (frappe.tasks.enqueue_scheduler_events)
[2015-07-25 18:28:57,189: INFO/MainProcess] Scheduler: Sending due task scheduler (frappe.tasks.enqueue_scheduler_events)
[2015-07-25 18:33:57,250: INFO/MainProcess] Scheduler: Sending due task scheduler (frappe.tasks.enqueue_scheduler_events)
[2015-07-25 18:38:57,350: INFO/MainProcess] Scheduler: Sending due task scheduler (frappe.tasks.enqueue_scheduler_events)
[2015-07-25 18:43:57,434: INFO/MainProcess] Scheduler: Sending due task scheduler (frappe.tasks.enqueue_scheduler_events)
[2015-07-25 18:48:57,485: INFO/MainProcess] Scheduler: Sending due task scheduler (frappe.tasks.enqueue_scheduler_events)
[2015-07-25 18:53:57,580: INFO/MainProcess] Scheduler: Sending due task scheduler (frappe.tasks.enqueue_scheduler_events)
[2015-07-25 18:58:57,683: INFO/MainProcess] Scheduler: Sending due task scheduler (frappe.tasks.enqueue_scheduler_events)
Stale pidfile exists. Removing it.
[2015-07-27 09:51:49,065: INFO/MainProcess] beat: Starting...
[2015-07-27 09:51:49,284: INFO/MainProcess] Scheduler: Sending due task scheduler (frappe.tasks.enqueue_scheduler_events)
[2015-07-27 09:56:49,326: INFO/MainProcess] Scheduler: Sending due task scheduler (frappe.tasks.enqueue_scheduler_events)
[2015-07-27 10:01:49,359: INFO/MainProcess] Scheduler: Sending due task scheduler (frappe.tasks.enqueue_scheduler_events)
[2015-07-27 10:06:49,459: INFO/MainProcess] Scheduler: Sending due task scheduler (frappe.tasks.enqueue_scheduler_events)
[2015-07-27 10:11:49,560: INFO/MainProcess] Scheduler: Sending due task scheduler (frappe.tasks.enqueue_scheduler_events)
[2015-07-27 10:16:49,665: INFO/MainProcess] Scheduler: Sending due task scheduler (frappe.tasks.enqueue_scheduler_events)
[2015-07-27 10:21:49,765: INFO/MainProcess] Scheduler: Sending due task scheduler (frappe.tasks.enqueue_scheduler_events)
[2015-07-27 10:26:49,779: INFO/MainProcess] Scheduler: Sending due task scheduler (frappe.tasks.enqueue_scheduler_events)
[2015-07-27 10:31:49,864: INFO/MainProcess] Scheduler: Sending due task scheduler (frappe.tasks.enqueue_scheduler_events)
[2015-07-27 10:36:49,958: INFO/MainProcess] Scheduler: Sending due task scheduler (frappe.tasks.enqueue_scheduler_events)
[2015-07-27 10:41:50,055: INFO/MainProcess] Scheduler: Sending due task scheduler (frappe.tasks.enqueue_scheduler_events)
[2015-07-27 10:46:50,125: INFO/MainProcess] Scheduler: Sending due task scheduler (frappe.tasks.enqueue_scheduler_events)
[2015-07-27 10:51:50,330: INFO/MainProcess] Scheduler: Sending due task scheduler (frappe.tasks.enqueue_scheduler_events)
[2015-07-27 10:56:50,359: INFO/MainProcess] Scheduler: Sending due task scheduler (frappe.tasks.enqueue_scheduler_events)
[2015-07-27 11:01:50,429: INFO/MainProcess] Scheduler: Sending due task scheduler (frappe.tasks.enqueue_scheduler_events)
[2015-07-27 11:06:50,531: INFO/MainProcess] Scheduler: Sending due task scheduler (frappe.tasks.enqueue_scheduler_events)
[2015-07-27 11:11:50,582: INFO/MainProcess] Scheduler: Sending due task scheduler (frappe.tasks.enqueue_scheduler_events)
[2015-07-27 11:16:50,633: INFO/MainProcess] Scheduler: Sending due task scheduler (frappe.tasks.enqueue_scheduler_events)
[2015-07-27 11:21:50,643: INFO/MainProcess] Scheduler: Sending due task scheduler (frappe.tasks.enqueue_scheduler_events)
[2015-07-27 11:26:50,759: INFO/MainProcess] Scheduler: Sending due task scheduler (frappe.tasks.enqueue_scheduler_events)
[2015-07-27 11:31:50,863: INFO/MainProcess] Scheduler: Sending due task scheduler (frappe.tasks.enqueue_scheduler_events)
[2015-07-27 11:36:50,963: INFO/MainProcess] Scheduler: Sending due task scheduler (frappe.tasks.enqueue_scheduler_events)
[2015-07-27 11:41:51,019: INFO/MainProcess] Scheduler: Sending due task scheduler (frappe.tasks.enqueue_scheduler_events)
[2015-07-27 11:46:51,119: INFO/MainProcess] Scheduler: Sending due task scheduler (frappe.tasks.enqueue_scheduler_events)
[2015-07-27 11:51:51,168: INFO/MainProcess] Scheduler: Sending due task scheduler (frappe.tasks.enqueue_scheduler_events)
[2015-07-27 11:56:51,279: INFO/MainProcess] Scheduler: Sending due task scheduler (frappe.tasks.enqueue_scheduler_events)
[2015-07-27 12:01:51,380: INFO/MainProcess] Scheduler: Sending due task scheduler (frappe.tasks.enqueue_scheduler_events)
[2015-07-27 12:06:51,487: INFO/MainProcess] Scheduler: Sending due task scheduler (frappe.tasks.enqueue_scheduler_events)
[2015-07-27 12:11:51,600: INFO/MainProcess] Scheduler: Sending due task scheduler (frappe.tasks.enqueue_scheduler_events)
[2015-07-27 12:16:51,698: INFO/MainProcess] Scheduler: Sending due task scheduler (frappe.tasks.enqueue_scheduler_events)
[2015-07-27 12:21:51,804: INFO/MainProcess] Scheduler: Sending due task scheduler (frappe.tasks.enqueue_scheduler_events)
[2015-07-27 12:26:51,958: INFO/MainProcess] Scheduler: Sending due task scheduler (frappe.tasks.enqueue_scheduler_events)
[2015-07-27 12:31:52,060: INFO/MainProcess] Scheduler: Sending due task scheduler (frappe.tasks.enqueue_scheduler_events)
[2015-07-27 12:36:52,163: INFO/MainProcess] Scheduler: Sending due task scheduler (frappe.tasks.enqueue_scheduler_events)
[2015-07-27 12:41:52,246: INFO/MainProcess] Scheduler: Sending due task scheduler (frappe.tasks.enqueue_scheduler_events)
[2015-07-27 12:46:52,356: INFO/MainProcess] Scheduler: Sending due task scheduler (frappe.tasks.enqueue_scheduler_events)
[2015-07-27 12:51:52,465: INFO/MainProcess] Scheduler: Sending due task scheduler (frappe.tasks.enqueue_scheduler_events)
[2015-07-27 12:56:52,566: INFO/MainProcess] Scheduler: Sending due task scheduler (frappe.tasks.enqueue_scheduler_events)
[2015-07-27 13:01:52,639: INFO/MainProcess] Scheduler: Sending due task scheduler (frappe.tasks.enqueue_scheduler_events)
[2015-07-27 13:06:52,755: INFO/MainProcess] Scheduler: Sending due task scheduler (frappe.tasks.enqueue_scheduler_events)
[2015-07-27 13:11:52,855: INFO/MainProcess] Scheduler: Sending due task scheduler (frappe.tasks.enqueue_scheduler_events)
[2015-07-27 13:16:52,954: INFO/MainProcess] Scheduler: Sending due task scheduler (frappe.tasks.enqueue_scheduler_events)
[2015-07-27 13:21:53,049: INFO/MainProcess] Scheduler: Sending due task scheduler (frappe.tasks.enqueue_scheduler_events)
[2015-07-27 13:26:53,159: INFO/MainProcess] Scheduler: Sending due task scheduler (frappe.tasks.enqueue_scheduler_events)
[2015-07-27 13:31:53,265: INFO/MainProcess] Scheduler: Sending due task scheduler (frappe.tasks.enqueue_scheduler_events)
[2015-07-27 13:36:53,362: INFO/MainProcess] Scheduler: Sending due task scheduler (frappe.tasks.enqueue_scheduler_events)
[2015-07-27 13:41:53,466: INFO/MainProcess] Scheduler: Sending due task scheduler (frappe.tasks.enqueue_scheduler_events)
[2015-07-27 13:46:53,570: INFO/MainProcess] Scheduler: Sending due task scheduler (frappe.tasks.enqueue_scheduler_events)
[2015-07-27 13:51:53,626: INFO/MainProcess] Scheduler: Sending due task scheduler (frappe.tasks.enqueue_scheduler_events)
[2015-07-27 13:56:53,727: INFO/MainProcess] Scheduler: Sending due task scheduler (frappe.tasks.enqueue_scheduler_events)
[2015-07-27 14:01:53,809: INFO/MainProcess] Scheduler: Sending due task scheduler (frappe.tasks.enqueue_scheduler_events)
[2015-07-27 14:06:53,910: INFO/MainProcess] Scheduler: Sending due task scheduler (frappe.tasks.enqueue_scheduler_events)
[2015-07-27 14:11:53,974: INFO/MainProcess] Scheduler: Sending due task scheduler (frappe.tasks.enqueue_scheduler_events)
[2015-07-27 14:16:54,064: INFO/MainProcess] Scheduler: Sending due task scheduler (frappe.tasks.enqueue_scheduler_events)
[2015-07-27 14:21:54,171: INFO/MainProcess] Scheduler: Sending due task scheduler (frappe.tasks.enqueue_scheduler_events)
[2015-07-27 14:26:54,271: INFO/MainProcess] Scheduler: Sending due task scheduler (frappe.tasks.enqueue_scheduler_events)
[2015-07-27 14:31:54,371: INFO/MainProcess] Scheduler: Sending due task scheduler (frappe.tasks.enqueue_scheduler_events)
[2015-07-27 14:36:54,469: INFO/MainProcess] Scheduler: Sending due task scheduler (frappe.tasks.enqueue_scheduler_events)
[2015-07-27 14:41:54,505: INFO/MainProcess] Scheduler: Sending due task scheduler (frappe.tasks.enqueue_scheduler_events)
[2015-07-27 14:46:54,615: INFO/MainProcess] Scheduler: Sending due task scheduler (frappe.tasks.enqueue_scheduler_events)
[2015-07-27 14:51:54,720: INFO/MainProcess] Scheduler: Sending due task scheduler (frappe.tasks.enqueue_scheduler_events)
[2015-07-27 14:56:54,832: INFO/MainProcess] Scheduler: Sending due task scheduler (frappe.tasks.enqueue_scheduler_events)
[2015-07-27 15:01:54,937: INFO/MainProcess] Scheduler: Sending due task scheduler (frappe.tasks.enqueue_scheduler_events)
[2015-07-27 15:06:55,041: INFO/MainProcess] Scheduler: Sending due task scheduler (frappe.tasks.enqueue_scheduler_events)
[2015-07-27 15:11:55,132: INFO/MainProcess] Scheduler: Sending due task scheduler (frappe.tasks.enqueue_scheduler_events)
[2015-07-27 15:16:55,229: INFO/MainProcess] Scheduler: Sending due task scheduler (frappe.tasks.enqueue_scheduler_events)
[2015-07-27 15:21:55,304: INFO/MainProcess] Scheduler: Sending due task scheduler (frappe.tasks.enqueue_scheduler_events)
[2015-07-27 15:26:55,421: INFO/MainProcess] Scheduler: Sending due task scheduler (frappe.tasks.enqueue_scheduler_events)
[2015-07-27 15:31:55,532: INFO/MainProcess] Scheduler: Sending due task scheduler (frappe.tasks.enqueue_scheduler_events)
[2015-07-27 15:36:55,635: INFO/MainProcess] Scheduler: Sending due task scheduler (frappe.tasks.enqueue_scheduler_events)
[2015-07-27 15:41:55,651: INFO/MainProcess] Scheduler: Sending due task scheduler (frappe.tasks.enqueue_scheduler_events)
[2015-07-27 15:46:55,758: INFO/MainProcess] Scheduler: Sending due task scheduler (frappe.tasks.enqueue_scheduler_events)
[2015-07-27 15:51:55,851: INFO/MainProcess] Scheduler: Sending due task scheduler (frappe.tasks.enqueue_scheduler_events)
[2015-07-27 15:56:55,944: INFO/MainProcess] Scheduler: Sending due task scheduler (frappe.tasks.enqueue_scheduler_events)
[2015-07-27 16:01:56,029: INFO/MainProcess] Scheduler: Sending due task scheduler (frappe.tasks.enqueue_scheduler_events)
[2015-07-27 16:06:56,135: INFO/MainProcess] Scheduler: Sending due task scheduler (frappe.tasks.enqueue_scheduler_events)
[2015-07-27 16:11:56,274: INFO/MainProcess] Scheduler: Sending due task scheduler (frappe.tasks.enqueue_scheduler_events)
[2015-07-27 16:16:56,385: INFO/MainProcess] Scheduler: Sending due task scheduler (frappe.tasks.enqueue_scheduler_events)
[2015-07-27 16:21:56,489: INFO/MainProcess] Scheduler: Sending due task scheduler (frappe.tasks.enqueue_scheduler_events)
[2015-07-27 16:26:56,578: INFO/MainProcess] Scheduler: Sending due task scheduler (frappe.tasks.enqueue_scheduler_events)
[2015-07-27 16:31:56,684: INFO/MainProcess] Scheduler: Sending due task scheduler (frappe.tasks.enqueue_scheduler_events)
[2015-07-27 16:36:56,833: INFO/MainProcess] Scheduler: Sending due task scheduler (frappe.tasks.enqueue_scheduler_events)
[2015-07-27 16:41:56,929: INFO/MainProcess] Scheduler: Sending due task scheduler (frappe.tasks.enqueue_scheduler_events)
[2015-07-27 16:46:57,037: INFO/MainProcess] Scheduler: Sending due task scheduler (frappe.tasks.enqueue_scheduler_events)
[2015-07-27 16:51:57,118: INFO/MainProcess] Scheduler: Sending due task scheduler (frappe.tasks.enqueue_scheduler_events)
[2015-07-27 16:56:57,226: INFO/MainProcess] Scheduler: Sending due task scheduler (frappe.tasks.enqueue_scheduler_events)
[2015-07-27 17:01:57,330: INFO/MainProcess] Scheduler: Sending due task scheduler (frappe.tasks.enqueue_scheduler_events)
[2015-07-27 17:06:57,468: INFO/MainProcess] Scheduler: Sending due task scheduler (frappe.tasks.enqueue_scheduler_events)
[2015-07-27 17:11:57,571: INFO/MainProcess] Scheduler: Sending due task scheduler (frappe.tasks.enqueue_scheduler_events)
[2015-07-27 17:16:57,665: INFO/MainProcess] Scheduler: Sending due task scheduler (frappe.tasks.enqueue_scheduler_events)
[2015-07-27 17:21:57,683: INFO/MainProcess] Scheduler: Sending due task scheduler (frappe.tasks.enqueue_scheduler_events)
[2015-07-27 17:26:57,789: INFO/MainProcess] Scheduler: Sending due task scheduler (frappe.tasks.enqueue_scheduler_events)
[2015-07-27 17:31:57,889: INFO/MainProcess] Scheduler: Sending due task scheduler (frappe.tasks.enqueue_scheduler_events)
[2015-07-27 17:36:58,016: INFO/MainProcess] Scheduler: Sending due task scheduler (frappe.tasks.enqueue_scheduler_events)
[2015-07-27 17:41:58,074: INFO/MainProcess] Scheduler: Sending due task scheduler (frappe.tasks.enqueue_scheduler_events)
[2015-07-27 17:46:58,156: INFO/MainProcess] Scheduler: Sending due task scheduler (frappe.tasks.enqueue_scheduler_events)
[2015-07-27 17:51:58,255: INFO/MainProcess] Scheduler: Sending due task scheduler (frappe.tasks.enqueue_scheduler_events)
[2015-07-27 17:56:58,422: INFO/MainProcess] Scheduler: Sending due task scheduler (frappe.tasks.enqueue_scheduler_events)
[2015-07-27 18:01:58,526: INFO/MainProcess] Scheduler: Sending due task scheduler (frappe.tasks.enqueue_scheduler_events)
[2015-07-27 18:06:58,637: INFO/MainProcess] Scheduler: Sending due task scheduler (frappe.tasks.enqueue_scheduler_events)
[2015-07-27 18:11:58,743: INFO/MainProcess] Scheduler: Sending due task scheduler (frappe.tasks.enqueue_scheduler_events)
[2015-07-27 18:16:58,870: INFO/MainProcess] Scheduler: Sending due task scheduler (frappe.tasks.enqueue_scheduler_events)
[2015-07-27 18:21:58,979: INFO/MainProcess] Scheduler: Sending due task scheduler (frappe.tasks.enqueue_scheduler_events)
[2015-07-27 18:26:59,109: INFO/MainProcess] Scheduler: Sending due task scheduler (frappe.tasks.enqueue_scheduler_events)
[2015-07-27 18:31:59,238: INFO/MainProcess] Scheduler: Sending due task scheduler (frappe.tasks.enqueue_scheduler_events)
[2015-07-27 18:36:59,345: INFO/MainProcess] Scheduler: Sending due task scheduler (frappe.tasks.enqueue_scheduler_events)
[2015-07-27 18:41:59,426: INFO/MainProcess] Scheduler: Sending due task scheduler (frappe.tasks.enqueue_scheduler_events)
[2015-07-27 18:46:59,528: INFO/MainProcess] Scheduler: Sending due task scheduler (frappe.tasks.enqueue_scheduler_events)
[2015-07-27 18:51:59,633: INFO/MainProcess] Scheduler: Sending due task scheduler (frappe.tasks.enqueue_scheduler_events)
[2015-07-27 18:56:59,729: INFO/MainProcess] Scheduler: Sending due task scheduler (frappe.tasks.enqueue_scheduler_events)
[2015-07-27 19:01:59,823: INFO/MainProcess] Scheduler: Sending due task scheduler (frappe.tasks.enqueue_scheduler_events)
[2015-07-27 19:06:59,959: INFO/MainProcess] Scheduler: Sending due task scheduler (frappe.tasks.enqueue_scheduler_events)
[2015-07-27 19:12:00,059: INFO/MainProcess] Scheduler: Sending due task scheduler (frappe.tasks.enqueue_scheduler_events)
Stale pidfile exists. Removing it.
[2015-07-28 09:24:07,238: INFO/MainProcess] beat: Starting...
[2015-07-28 09:24:07,393: INFO/MainProcess] Scheduler: Sending due task scheduler (frappe.tasks.enqueue_scheduler_events)
[2015-07-28 09:29:07,467: INFO/MainProcess] Scheduler: Sending due task scheduler (frappe.tasks.enqueue_scheduler_events)
[2015-07-28 09:30:00,056: INFO/MainProcess] Scheduler: Sending due task celery.backend_cleanup (celery.backend_cleanup)
[2015-07-28 09:34:07,558: INFO/MainProcess] Scheduler: Sending due task scheduler (frappe.tasks.enqueue_scheduler_events)
[2015-07-28 09:39:07,597: INFO/MainProcess] Scheduler: Sending due task scheduler (frappe.tasks.enqueue_scheduler_events)
[2015-07-28 09:44:07,621: INFO/MainProcess] Scheduler: Sending due task scheduler (frappe.tasks.enqueue_scheduler_events)
[2015-07-28 09:49:07,654: INFO/MainProcess] Scheduler: Sending due task scheduler (frappe.tasks.enqueue_scheduler_events)
[2015-07-28 09:54:07,710: INFO/MainProcess] Scheduler: Sending due task scheduler (frappe.tasks.enqueue_scheduler_events)
[2015-07-28 09:59:07,807: INFO/MainProcess] Scheduler: Sending due task scheduler (frappe.tasks.enqueue_scheduler_events)
[2015-07-28 10:04:07,891: INFO/MainProcess] Scheduler: Sending due task scheduler (frappe.tasks.enqueue_scheduler_events)
[2015-07-28 10:09:07,941: INFO/MainProcess] Scheduler: Sending due task scheduler (frappe.tasks.enqueue_scheduler_events)
[2015-07-28 10:14:07,967: INFO/MainProcess] Scheduler: Sending due task scheduler (frappe.tasks.enqueue_scheduler_events)
[2015-07-28 10:19:08,066: INFO/MainProcess] Scheduler: Sending due task scheduler (frappe.tasks.enqueue_scheduler_events)
[2015-07-28 10:24:08,163: INFO/MainProcess] Scheduler: Sending due task scheduler (frappe.tasks.enqueue_scheduler_events)
ERROR: Pidfile (celerybeat.pid) already exists.
Seems we're already running? (pid: 1882)
ERROR: Pidfile (celerybeat.pid) already exists.
Seems we're already running? (pid: 1882)
ERROR: Pidfile (celerybeat.pid) already exists.
Seems we're already running? (pid: 1882)
ERROR: Pidfile (celerybeat.pid) already exists.
Seems we're already running? (pid: 1882)
Stale pidfile exists. Removing it.
[2015-07-28 10:31:24,116: INFO/MainProcess] beat: Starting...
[2015-07-28 10:31:24,297: INFO/MainProcess] Scheduler: Sending due task scheduler (frappe.tasks.enqueue_scheduler_events)
[2015-07-28 10:36:24,297: INFO/MainProcess] Scheduler: Sending due task scheduler (frappe.tasks.enqueue_scheduler_events)
[2015-07-28 10:41:24,321: INFO/MainProcess] Scheduler: Sending due task scheduler (frappe.tasks.enqueue_scheduler_events)
[2015-07-28 10:46:24,342: INFO/MainProcess] Scheduler: Sending due task scheduler (frappe.tasks.enqueue_scheduler_events)
[2015-07-28 10:51:24,449: INFO/MainProcess] Scheduler: Sending due task scheduler (frappe.tasks.enqueue_scheduler_events)
[2015-07-28 10:56:24,546: INFO/MainProcess] Scheduler: Sending due task scheduler (frappe.tasks.enqueue_scheduler_events)
[2015-07-28 11:01:24,815: INFO/MainProcess] Scheduler: Sending due task scheduler (frappe.tasks.enqueue_scheduler_events)
[2015-07-28 11:06:24,939: INFO/MainProcess] Scheduler: Sending due task scheduler (frappe.tasks.enqueue_scheduler_events)
[2015-07-28 11:11:25,005: INFO/MainProcess] Scheduler: Sending due task scheduler (frappe.tasks.enqueue_scheduler_events)
[2015-07-28 11:16:25,145: INFO/MainProcess] Scheduler: Sending due task scheduler (frappe.tasks.enqueue_scheduler_events)
[2015-07-28 11:21:25,250: INFO/MainProcess] Scheduler: Sending due task scheduler (frappe.tasks.enqueue_scheduler_events)
[2015-07-28 11:26:25,351: INFO/MainProcess] Scheduler: Sending due task scheduler (frappe.tasks.enqueue_scheduler_events)
[2015-07-28 11:31:25,430: INFO/MainProcess] Scheduler: Sending due task scheduler (frappe.tasks.enqueue_scheduler_events)
[2015-07-28 11:36:25,513: INFO/MainProcess] Scheduler: Sending due task scheduler (frappe.tasks.enqueue_scheduler_events)
[2015-07-28 11:41:25,620: INFO/MainProcess] Scheduler: Sending due task scheduler (frappe.tasks.enqueue_scheduler_events)
[2015-07-28 11:46:25,710: INFO/MainProcess] Scheduler: Sending due task scheduler (frappe.tasks.enqueue_scheduler_events)
[2015-07-28 11:51:25,825: INFO/MainProcess] Scheduler: Sending due task scheduler (frappe.tasks.enqueue_scheduler_events)
[2015-07-28 11:56:25,931: INFO/MainProcess] Scheduler: Sending due task scheduler (frappe.tasks.enqueue_scheduler_events)
[2015-07-28 12:01:26,029: INFO/MainProcess] Scheduler: Sending due task scheduler (frappe.tasks.enqueue_scheduler_events)
[2015-07-28 12:06:26,127: INFO/MainProcess] Scheduler: Sending due task scheduler (frappe.tasks.enqueue_scheduler_events)
[2015-07-28 12:11:26,232: INFO/MainProcess] Scheduler: Sending due task scheduler (frappe.tasks.enqueue_scheduler_events)
[2015-07-28 12:16:26,336: INFO/MainProcess] Scheduler: Sending due task scheduler (frappe.tasks.enqueue_scheduler_events)
[2015-07-28 12:21:26,424: INFO/MainProcess] Scheduler: Sending due task scheduler (frappe.tasks.enqueue_scheduler_events)
[2015-07-28 12:26:26,520: INFO/MainProcess] Scheduler: Sending due task scheduler (frappe.tasks.enqueue_scheduler_events)
[2015-07-28 12:31:26,629: INFO/MainProcess] Scheduler: Sending due task scheduler (frappe.tasks.enqueue_scheduler_events)
[2015-07-28 12:36:26,716: INFO/MainProcess] Scheduler: Sending due task scheduler (frappe.tasks.enqueue_scheduler_events)
[2015-07-28 12:41:26,813: INFO/MainProcess] Scheduler: Sending due task scheduler (frappe.tasks.enqueue_scheduler_events)
[2015-07-28 12:46:26,920: INFO/MainProcess] Scheduler: Sending due task scheduler (frappe.tasks.enqueue_scheduler_events)
[2015-07-28 12:51:26,978: INFO/MainProcess] Scheduler: Sending due task scheduler (frappe.tasks.enqueue_scheduler_events)
[2015-07-28 12:56:27,075: INFO/MainProcess] Scheduler: Sending due task scheduler (frappe.tasks.enqueue_scheduler_events)
[2015-07-28 13:01:27,177: INFO/MainProcess] Scheduler: Sending due task scheduler (frappe.tasks.enqueue_scheduler_events)
[2015-07-28 13:06:27,280: INFO/MainProcess] Scheduler: Sending due task scheduler (frappe.tasks.enqueue_scheduler_events)
[2015-07-28 13:11:27,380: INFO/MainProcess] Scheduler: Sending due task scheduler (frappe.tasks.enqueue_scheduler_events)
[2015-07-28 13:16:27,482: INFO/MainProcess] Scheduler: Sending due task scheduler (frappe.tasks.enqueue_scheduler_events)
[2015-07-28 13:21:27,584: INFO/MainProcess] Scheduler: Sending due task scheduler (frappe.tasks.enqueue_scheduler_events)
[2015-07-28 13:26:27,695: INFO/MainProcess] Scheduler: Sending due task scheduler (frappe.tasks.enqueue_scheduler_events)
[2015-07-28 13:31:27,803: INFO/MainProcess] Scheduler: Sending due task scheduler (frappe.tasks.enqueue_scheduler_events)
[2015-07-28 13:36:27,932: INFO/MainProcess] Scheduler: Sending due task scheduler (frappe.tasks.enqueue_scheduler_events)
[2015-07-28 13:41:27,965: INFO/MainProcess] Scheduler: Sending due task scheduler (frappe.tasks.enqueue_scheduler_events)
[2015-07-28 13:46:28,066: INFO/MainProcess] Scheduler: Sending due task scheduler (frappe.tasks.enqueue_scheduler_events)
[2015-07-28 13:51:28,160: INFO/MainProcess] Scheduler: Sending due task scheduler (frappe.tasks.enqueue_scheduler_events)
[2015-07-28 13:56:28,270: INFO/MainProcess] Scheduler: Sending due task scheduler (frappe.tasks.enqueue_scheduler_events)
[2015-07-28 14:01:28,482: INFO/MainProcess] Scheduler: Sending due task scheduler (frappe.tasks.enqueue_scheduler_events)
[2015-07-28 14:06:28,585: INFO/MainProcess] Scheduler: Sending due task scheduler (frappe.tasks.enqueue_scheduler_events)
[2015-07-28 14:11:28,664: INFO/MainProcess] Scheduler: Sending due task scheduler (frappe.tasks.enqueue_scheduler_events)
[2015-07-28 14:16:28,717: INFO/MainProcess] Scheduler: Sending due task scheduler (frappe.tasks.enqueue_scheduler_events)
[2015-07-28 14:21:28,820: INFO/MainProcess] Scheduler: Sending due task scheduler (frappe.tasks.enqueue_scheduler_events)
[2015-07-28 14:26:28,940: INFO/MainProcess] Scheduler: Sending due task scheduler (frappe.tasks.enqueue_scheduler_events)
[2015-07-28 14:31:29,038: INFO/MainProcess] Scheduler: Sending due task scheduler (frappe.tasks.enqueue_scheduler_events)
[2015-07-28 14:36:29,144: INFO/MainProcess] Scheduler: Sending due task scheduler (frappe.tasks.enqueue_scheduler_events)
[2015-07-28 14:41:29,250: INFO/MainProcess] Scheduler: Sending due task scheduler (frappe.tasks.enqueue_scheduler_events)
[2015-07-28 14:46:29,281: INFO/MainProcess] Scheduler: Sending due task scheduler (frappe.tasks.enqueue_scheduler_events)
[2015-07-28 14:51:29,431: INFO/MainProcess] Scheduler: Sending due task scheduler (frappe.tasks.enqueue_scheduler_events)
[2015-07-28 14:56:29,500: INFO/MainProcess] Scheduler: Sending due task scheduler (frappe.tasks.enqueue_scheduler_events)
[2015-07-28 15:01:29,543: INFO/MainProcess] Scheduler: Sending due task scheduler (frappe.tasks.enqueue_scheduler_events)
[2015-07-28 15:06:29,647: INFO/MainProcess] Scheduler: Sending due task scheduler (frappe.tasks.enqueue_scheduler_events)
[2015-07-28 15:11:29,745: INFO/MainProcess] Scheduler: Sending due task scheduler (frappe.tasks.enqueue_scheduler_events)
[2015-07-28 15:16:29,845: INFO/MainProcess] Scheduler: Sending due task scheduler (frappe.tasks.enqueue_scheduler_events)
[2015-07-28 15:21:29,940: INFO/MainProcess] Scheduler: Sending due task scheduler (frappe.tasks.enqueue_scheduler_events)
[2015-07-28 15:26:30,111: INFO/MainProcess] Scheduler: Sending due task scheduler (frappe.tasks.enqueue_scheduler_events)
[2015-07-28 15:31:30,208: INFO/MainProcess] Scheduler: Sending due task scheduler (frappe.tasks.enqueue_scheduler_events)
[2015-07-28 15:36:30,315: INFO/MainProcess] Scheduler: Sending due task scheduler (frappe.tasks.enqueue_scheduler_events)
[2015-07-28 15:41:30,395: INFO/MainProcess] Scheduler: Sending due task scheduler (frappe.tasks.enqueue_scheduler_events)
[2015-07-28 15:46:30,500: INFO/MainProcess] Scheduler: Sending due task scheduler (frappe.tasks.enqueue_scheduler_events)
[2015-07-28 15:51:30,601: INFO/MainProcess] Scheduler: Sending due task scheduler (frappe.tasks.enqueue_scheduler_events)
[2015-07-28 15:56:30,706: INFO/MainProcess] Scheduler: Sending due task scheduler (frappe.tasks.enqueue_scheduler_events)
[2015-07-28 16:01:30,828: INFO/MainProcess] Scheduler: Sending due task scheduler (frappe.tasks.enqueue_scheduler_events)
[2015-07-28 16:06:30,927: INFO/MainProcess] Scheduler: Sending due task scheduler (frappe.tasks.enqueue_scheduler_events)
[2015-07-28 16:11:31,011: INFO/MainProcess] Scheduler: Sending due task scheduler (frappe.tasks.enqueue_scheduler_events)
[2015-07-28 16:16:31,108: INFO/MainProcess] Scheduler: Sending due task scheduler (frappe.tasks.enqueue_scheduler_events)
[2015-07-28 16:21:31,211: INFO/MainProcess] Scheduler: Sending due task scheduler (frappe.tasks.enqueue_scheduler_events)
[2015-07-28 16:26:31,300: INFO/MainProcess] Scheduler: Sending due task scheduler (frappe.tasks.enqueue_scheduler_events)
[2015-07-28 16:31:31,398: INFO/MainProcess] Scheduler: Sending due task scheduler (frappe.tasks.enqueue_scheduler_events)
[2015-07-28 16:36:31,508: INFO/MainProcess] Scheduler: Sending due task scheduler (frappe.tasks.enqueue_scheduler_events)
[2015-07-28 16:41:31,615: INFO/MainProcess] Scheduler: Sending due task scheduler (frappe.tasks.enqueue_scheduler_events)
[2015-07-28 16:46:31,720: INFO/MainProcess] Scheduler: Sending due task scheduler (frappe.tasks.enqueue_scheduler_events)
[2015-07-28 16:51:31,823: INFO/MainProcess] Scheduler: Sending due task scheduler (frappe.tasks.enqueue_scheduler_events)
[2015-07-28 16:56:31,905: INFO/MainProcess] Scheduler: Sending due task scheduler (frappe.tasks.enqueue_scheduler_events)
[2015-07-28 17:01:32,009: INFO/MainProcess] Scheduler: Sending due task scheduler (frappe.tasks.enqueue_scheduler_events)
[2015-07-28 17:06:32,210: INFO/MainProcess] Scheduler: Sending due task scheduler (frappe.tasks.enqueue_scheduler_events)
[2015-07-28 17:11:32,739: INFO/MainProcess] Scheduler: Sending due task scheduler (frappe.tasks.enqueue_scheduler_events)
[2015-07-28 17:16:49,589: INFO/MainProcess] Scheduler: Sending due task scheduler (frappe.tasks.enqueue_scheduler_events)
[2015-07-28 17:22:01,782: INFO/MainProcess] Scheduler: Sending due task scheduler (frappe.tasks.enqueue_scheduler_events)
[2015-07-28 17:27:04,659: INFO/MainProcess] Scheduler: Sending due task scheduler (frappe.tasks.enqueue_scheduler_events)
Stale pidfile exists. Removing it.
[2015-07-28 17:31:23,561: INFO/MainProcess] beat: Starting...
Stale pidfile exists. Removing it.
[2015-07-28 17:32:52,633: INFO/MainProcess] beat: Starting...
[2015-07-28 17:32:52,825: INFO/MainProcess] Scheduler: Sending due task scheduler (frappe.tasks.enqueue_scheduler_events)
[2015-07-28 17:37:52,935: INFO/MainProcess] Scheduler: Sending due task scheduler (frappe.tasks.enqueue_scheduler_events)
[2015-07-28 17:42:53,013: INFO/MainProcess] Scheduler: Sending due task scheduler (frappe.tasks.enqueue_scheduler_events)
[2015-07-28 17:47:53,090: INFO/MainProcess] Scheduler: Sending due task scheduler (frappe.tasks.enqueue_scheduler_events)
[2015-07-28 17:52:53,115: INFO/MainProcess] Scheduler: Sending due task scheduler (frappe.tasks.enqueue_scheduler_events)
[2015-07-28 17:57:53,434: INFO/MainProcess] Scheduler: Sending due task scheduler (frappe.tasks.enqueue_scheduler_events)
[2015-07-28 18:02:53,544: INFO/MainProcess] Scheduler: Sending due task scheduler (frappe.tasks.enqueue_scheduler_events)
[2015-07-28 18:07:53,643: INFO/MainProcess] Scheduler: Sending due task scheduler (frappe.tasks.enqueue_scheduler_events)
[2015-07-28 18:12:53,710: INFO/MainProcess] Scheduler: Sending due task scheduler (frappe.tasks.enqueue_scheduler_events)
[2015-07-28 18:17:53,776: INFO/MainProcess] Scheduler: Sending due task scheduler (frappe.tasks.enqueue_scheduler_events)
[2015-07-28 18:22:53,841: INFO/MainProcess] Scheduler: Sending due task scheduler (frappe.tasks.enqueue_scheduler_events)
[2015-07-28 18:27:53,864: INFO/MainProcess] Scheduler: Sending due task scheduler (frappe.tasks.enqueue_scheduler_events)
[2015-07-28 18:32:53,969: INFO/MainProcess] Scheduler: Sending due task scheduler (frappe.tasks.enqueue_scheduler_events)
[2015-07-28 18:37:54,121: INFO/MainProcess] Scheduler: Sending due task scheduler (frappe.tasks.enqueue_scheduler_events)
[2015-07-28 18:42:54,227: INFO/MainProcess] Scheduler: Sending due task scheduler (frappe.tasks.enqueue_scheduler_events)
[2015-07-28 18:47:54,323: INFO/MainProcess] Scheduler: Sending due task scheduler (frappe.tasks.enqueue_scheduler_events)
[2015-07-28 18:52:54,432: INFO/MainProcess] Scheduler: Sending due task scheduler (frappe.tasks.enqueue_scheduler_events)
[2015-07-28 18:57:54,497: INFO/MainProcess] Scheduler: Sending due task scheduler (frappe.tasks.enqueue_scheduler_events)
[2015-07-28 19:02:54,596: INFO/MainProcess] Scheduler: Sending due task scheduler (frappe.tasks.enqueue_scheduler_events)
[2015-07-28 19:07:54,660: INFO/MainProcess] Scheduler: Sending due task scheduler (frappe.tasks.enqueue_scheduler_events)
[2015-07-28 19:12:54,767: INFO/MainProcess] Scheduler: Sending due task scheduler (frappe.tasks.enqueue_scheduler_events)
[2015-07-28 19:17:54,900: INFO/MainProcess] Scheduler: Sending due task scheduler (frappe.tasks.enqueue_scheduler_events)
[2015-07-28 19:22:54,998: INFO/MainProcess] Scheduler: Sending due task scheduler (frappe.tasks.enqueue_scheduler_events)
Stale pidfile exists. Removing it.
[2015-07-29 09:29:27,924: INFO/MainProcess] beat: Starting...
[2015-07-29 09:29:28,038: INFO/MainProcess] Scheduler: Sending due task scheduler (frappe.tasks.enqueue_scheduler_events)
[2015-07-29 09:30:00,057: INFO/MainProcess] Scheduler: Sending due task celery.backend_cleanup (celery.backend_cleanup)
[2015-07-29 09:34:28,079: INFO/MainProcess] Scheduler: Sending due task scheduler (frappe.tasks.enqueue_scheduler_events)
[2015-07-29 09:39:28,149: INFO/MainProcess] Scheduler: Sending due task scheduler (frappe.tasks.enqueue_scheduler_events)
[2015-07-29 09:44:28,262: INFO/MainProcess] Scheduler: Sending due task scheduler (frappe.tasks.enqueue_scheduler_events)
[2015-07-29 09:49:28,262: INFO/MainProcess] Scheduler: Sending due task scheduler (frappe.tasks.enqueue_scheduler_events)
[2015-07-29 09:54:28,372: INFO/MainProcess] Scheduler: Sending due task scheduler (frappe.tasks.enqueue_scheduler_events)
[2015-07-29 09:59:28,472: INFO/MainProcess] Scheduler: Sending due task scheduler (frappe.tasks.enqueue_scheduler_events)
[2015-07-29 10:04:28,583: INFO/MainProcess] Scheduler: Sending due task scheduler (frappe.tasks.enqueue_scheduler_events)
[2015-07-29 10:09:28,679: INFO/MainProcess] Scheduler: Sending due task scheduler (frappe.tasks.enqueue_scheduler_events)
[2015-07-29 10:14:28,767: INFO/MainProcess] Scheduler: Sending due task scheduler (frappe.tasks.enqueue_scheduler_events)
[2015-07-29 10:19:28,877: INFO/MainProcess] Scheduler: Sending due task scheduler (frappe.tasks.enqueue_scheduler_events)
[2015-07-29 10:24:28,942: INFO/MainProcess] Scheduler: Sending due task scheduler (frappe.tasks.enqueue_scheduler_events)
[2015-07-29 10:29:28,963: INFO/MainProcess] Scheduler: Sending due task scheduler (frappe.tasks.enqueue_scheduler_events)
[2015-07-29 10:34:29,029: INFO/MainProcess] Scheduler: Sending due task scheduler (frappe.tasks.enqueue_scheduler_events)
[2015-07-29 10:39:29,129: INFO/MainProcess] Scheduler: Sending due task scheduler (frappe.tasks.enqueue_scheduler_events)
[2015-07-29 10:44:29,212: INFO/MainProcess] Scheduler: Sending due task scheduler (frappe.tasks.enqueue_scheduler_events)
[2015-07-29 10:49:29,228: INFO/MainProcess] Scheduler: Sending due task scheduler (frappe.tasks.enqueue_scheduler_events)
[2015-07-29 10:54:29,352: INFO/MainProcess] Scheduler: Sending due task scheduler (frappe.tasks.enqueue_scheduler_events)
[2015-07-29 10:59:29,359: INFO/MainProcess] Scheduler: Sending due task scheduler (frappe.tasks.enqueue_scheduler_events)
[2015-07-29 11:04:29,425: INFO/MainProcess] Scheduler: Sending due task scheduler (frappe.tasks.enqueue_scheduler_events)
[2015-07-29 11:09:29,445: INFO/MainProcess] Scheduler: Sending due task scheduler (frappe.tasks.enqueue_scheduler_events)
Stale pidfile exists. Removing it.
[2015-07-29 11:50:58,334: INFO/MainProcess] beat: Starting...
[2015-07-29 11:50:58,510: INFO/MainProcess] Scheduler: Sending due task scheduler (frappe.tasks.enqueue_scheduler_events)
[2015-07-29 11:55:58,604: INFO/MainProcess] Scheduler: Sending due task scheduler (frappe.tasks.enqueue_scheduler_events)
[2015-07-29 12:00:58,638: INFO/MainProcess] Scheduler: Sending due task scheduler (frappe.tasks.enqueue_scheduler_events)
[2015-07-29 12:05:58,696: INFO/MainProcess] Scheduler: Sending due task scheduler (frappe.tasks.enqueue_scheduler_events)
[2015-07-29 12:10:58,753: INFO/MainProcess] Scheduler: Sending due task scheduler (frappe.tasks.enqueue_scheduler_events)
[2015-07-29 12:15:58,838: INFO/MainProcess] Scheduler: Sending due task scheduler (frappe.tasks.enqueue_scheduler_events)
[2015-07-29 12:20:58,942: INFO/MainProcess] Scheduler: Sending due task scheduler (frappe.tasks.enqueue_scheduler_events)
[2015-07-29 12:25:58,954: INFO/MainProcess] Scheduler: Sending due task scheduler (frappe.tasks.enqueue_scheduler_events)
[2015-07-29 12:30:58,998: INFO/MainProcess] Scheduler: Sending due task scheduler (frappe.tasks.enqueue_scheduler_events)
[2015-07-29 12:35:59,033: INFO/MainProcess] Scheduler: Sending due task scheduler (frappe.tasks.enqueue_scheduler_events)
[2015-07-29 12:40:59,137: INFO/MainProcess] Scheduler: Sending due task scheduler (frappe.tasks.enqueue_scheduler_events)
